<?xml version="1.0" encoding="UTF-8"?>
<!-- Generated by org.testng.reporters.JUnitXMLReporter -->
<testsuite hostname="DESKTOP-IF656RJ" ignored="0" name="Default test" tests="2" failures="0" timestamp="28 Oct 2021 06:46:38 GMT" time="32.181" errors="0">
  <testcase name="verifyIfUserRedirectsToJoinPage" time="11.232" classname="com.mahaseva.uitest.HoMePaGeTeSt"/>
  <testcase name="verifyTitleOfHomePage" time="0.014" classname="com.mahaseva.uitest.HoMePaGeTeSt"/>
</testsuite> <!-- Default test -->
