<?xml version="1.0" encoding="UTF-8"?>
<testng-results skipped="0" failed="0" ignored="0" total="2" passed="2">
  <reporter-output>
  </reporter-output>
  <suite name="Default suite" duration-ms="32181" started-at="2021-10-28T06:46:06Z" finished-at="2021-10-28T06:46:38Z">
    <groups>
    </groups>
    <test name="Default test" duration-ms="32181" started-at="2021-10-28T06:46:06Z" finished-at="2021-10-28T06:46:38Z">
      <class name="com.mahaseva.uitest.HoMePaGeTeSt">
        <test-method status="PASS" signature="setup()[pri:0, instance:com.mahaseva.uitest.HoMePaGeTeSt@72967906]" name="setup" is-config="true" duration-ms="12302" started-at="2021-10-28T06:46:06Z" finished-at="2021-10-28T06:46:18Z">
          <reporter-output>
          </reporter-output>
        </test-method> <!-- setup -->
        <test-method status="PASS" signature="verifyIfUserRedirectsToJoinPage()[pri:0, instance:com.mahaseva.uitest.HoMePaGeTeSt@72967906]" name="verifyIfUserRedirectsToJoinPage" duration-ms="11232" started-at="2021-10-28T06:46:18Z" finished-at="2021-10-28T06:46:30Z">
          <reporter-output>
          </reporter-output>
        </test-method> <!-- verifyIfUserRedirectsToJoinPage -->
        <test-method status="PASS" signature="closebrowser()[pri:0, instance:com.mahaseva.uitest.HoMePaGeTeSt@72967906]" name="closebrowser" is-config="true" duration-ms="215" started-at="2021-10-28T06:46:30Z" finished-at="2021-10-28T06:46:30Z">
          <reporter-output>
          </reporter-output>
        </test-method> <!-- closebrowser -->
        <test-method status="PASS" signature="setup()[pri:0, instance:com.mahaseva.uitest.HoMePaGeTeSt@72967906]" name="setup" is-config="true" duration-ms="8182" started-at="2021-10-28T06:46:30Z" finished-at="2021-10-28T06:46:38Z">
          <reporter-output>
          </reporter-output>
        </test-method> <!-- setup -->
        <test-method status="PASS" signature="verifyTitleOfHomePage()[pri:0, instance:com.mahaseva.uitest.HoMePaGeTeSt@72967906]" name="verifyTitleOfHomePage" duration-ms="14" started-at="2021-10-28T06:46:38Z" finished-at="2021-10-28T06:46:38Z">
          <reporter-output>
          </reporter-output>
        </test-method> <!-- verifyTitleOfHomePage -->
        <test-method status="PASS" signature="closebrowser()[pri:0, instance:com.mahaseva.uitest.HoMePaGeTeSt@72967906]" name="closebrowser" is-config="true" duration-ms="199" started-at="2021-10-28T06:46:38Z" finished-at="2021-10-28T06:46:38Z">
          <reporter-output>
          </reporter-output>
        </test-method> <!-- closebrowser -->
      </class> <!-- com.mahaseva.uitest.HoMePaGeTeSt -->
    </test> <!-- Default test -->
  </suite> <!-- Default suite -->
</testng-results>
